<?xml version="1.0" encoding="UTF-8"?>
<testng-results skipped="0" failed="0" ignored="0" total="8" passed="8">
  <reporter-output>
  </reporter-output>
  <suite name="Suite" duration-ms="44333" started-at="2024-03-22T10:06:06 IST" finished-at="2024-03-22T10:06:51 IST">
    <groups>
    </groups>
    <test name="Test" duration-ms="44333" started-at="2024-03-22T10:06:06 IST" finished-at="2024-03-22T10:06:51 IST">
      <class name="Scripts_Execution.Test_003_KFC_Test">
        <test-method status="PASS" signature="run()[pri:0, instance:Scripts_Execution.Test_003_KFC_Test@e874448]" name="run" duration-ms="2346" started-at="2024-03-22T10:06:22 IST" finished-at="2024-03-22T10:06:24 IST">
          <reporter-output>
          </reporter-output>
        </test-method> <!-- run -->
      </class> <!-- Scripts_Execution.Test_003_KFC_Test -->
      <class name="Scripts_Execution.Test_001_Nagarjuna_Test">
        <test-method status="PASS" signature="run()[pri:0, instance:Scripts_Execution.Test_001_Nagarjuna_Test@1500955a]" name="run" duration-ms="5033" started-at="2024-03-22T10:06:16 IST" finished-at="2024-03-22T10:06:22 IST">
          <reporter-output>
          </reporter-output>
        </test-method> <!-- run -->
      </class> <!-- Scripts_Execution.Test_001_Nagarjuna_Test -->
      <class name="Scripts_Execution.copy.Test_002_VanHeusen_Test">
        <test-method status="PASS" signature="run()[pri:0, instance:Scripts_Execution.copy.Test_002_VanHeusen_Test@29b5cd00]" name="run" duration-ms="13467" started-at="2024-03-22T10:06:24 IST" finished-at="2024-03-22T10:06:37 IST">
          <reporter-output>
          </reporter-output>
        </test-method> <!-- run -->
      </class> <!-- Scripts_Execution.copy.Test_002_VanHeusen_Test -->
      <class name="Scripts_Execution.Test_004_Truffles_Test">
        <test-method status="PASS" signature="run()[pri:0, instance:Scripts_Execution.Test_004_Truffles_Test@7113b13f]" name="run" duration-ms="2294" started-at="2024-03-22T10:06:45 IST" finished-at="2024-03-22T10:06:47 IST">
          <reporter-output>
          </reporter-output>
        </test-method> <!-- run -->
      </class> <!-- Scripts_Execution.Test_004_Truffles_Test -->
      <class name="Scripts_Execution.copy.Test_001_Gucci_Test">
        <test-method status="PASS" signature="run()[pri:0, instance:Scripts_Execution.copy.Test_001_Gucci_Test@60285225]" name="run" duration-ms="7570" started-at="2024-03-22T10:06:37 IST" finished-at="2024-03-22T10:06:45 IST">
          <reporter-output>
          </reporter-output>
        </test-method> <!-- run -->
      </class> <!-- Scripts_Execution.copy.Test_001_Gucci_Test -->
      <class name="Scripts_Execution.copy.Test_004_puma_Test">
        <test-method status="PASS" signature="run()[pri:0, instance:Scripts_Execution.copy.Test_004_puma_Test@3e57cd70]" name="run" duration-ms="7086" started-at="2024-03-22T10:06:06 IST" finished-at="2024-03-22T10:06:14 IST">
          <reporter-output>
          </reporter-output>
        </test-method> <!-- run -->
      </class> <!-- Scripts_Execution.copy.Test_004_puma_Test -->
      <class name="Scripts_Execution.Test_002_LeonsBurger_Test">
        <test-method status="PASS" signature="run()[pri:0, instance:Scripts_Execution.Test_002_LeonsBurger_Test@7ce6a65d]" name="run" duration-ms="2957" started-at="2024-03-22T10:06:14 IST" finished-at="2024-03-22T10:06:16 IST">
          <reporter-output>
          </reporter-output>
        </test-method> <!-- run -->
      </class> <!-- Scripts_Execution.Test_002_LeonsBurger_Test -->
      <class name="Scripts_Execution.copy.Test_003_Code_Test">
        <test-method status="PASS" signature="run()[pri:0, instance:Scripts_Execution.copy.Test_003_Code_Test@42d8062c]" name="run" duration-ms="3534" started-at="2024-03-22T10:06:47 IST" finished-at="2024-03-22T10:06:51 IST">
          <reporter-output>
          </reporter-output>
        </test-method> <!-- run -->
      </class> <!-- Scripts_Execution.copy.Test_003_Code_Test -->
    </test> <!-- Test -->
  </suite> <!-- Suite -->
</testng-results>
