<?xml version="1.0" encoding="UTF-8"?>
<!-- Generated by org.testng.reporters.JUnitXMLReporter -->
<testsuite hostname="DESKTOP-F8OCNCO" ignored="0" name="Default test" tests="8" failures="0" timestamp="2024-03-22T10:01:26 IST" time="46.79" errors="0">
  <testcase name="run" time="7.975" classname="Scripts_Execution.Test_001_Nagarjuna_Test"/>
  <testcase name="run" time="2.789" classname="Scripts_Execution.Test_003_KFC_Test"/>
  <testcase name="run" time="13.096" classname="Scripts_Execution.copy.Test_002_VanHeusen_Test"/>
  <testcase name="run" time="2.356" classname="Scripts_Execution.Test_004_Truffles_Test"/>
  <testcase name="run" time="7.555" classname="Scripts_Execution.copy.Test_001_Gucci_Test"/>
  <testcase name="run" time="5.201" classname="Scripts_Execution.copy.Test_004_puma_Test"/>
  <testcase name="run" time="3.545" classname="Scripts_Execution.Test_002_LeonsBurger_Test"/>
  <testcase name="run" time="4.23" classname="Scripts_Execution.copy.Test_003_Code_Test"/>
</testsuite> <!-- Default test -->
