<?xml version="1.0" encoding="UTF-8"?>
<!-- Generated by org.testng.reporters.JUnitXMLReporter -->
<testsuite hostname="DESKTOP-F8OCNCO" ignored="0" name="Test" tests="8" failures="0" timestamp="2024-03-22T10:06:51 IST" time="44.333" errors="0">
  <testcase name="run" time="7.086" classname="Scripts_Execution.copy.Test_004_puma_Test"/>
  <testcase name="run" time="2.957" classname="Scripts_Execution.Test_002_LeonsBurger_Test"/>
  <testcase name="run" time="5.033" classname="Scripts_Execution.Test_001_Nagarjuna_Test"/>
  <testcase name="run" time="2.346" classname="Scripts_Execution.Test_003_KFC_Test"/>
  <testcase name="run" time="13.467" classname="Scripts_Execution.copy.Test_002_VanHeusen_Test"/>
  <testcase name="run" time="7.57" classname="Scripts_Execution.copy.Test_001_Gucci_Test"/>
  <testcase name="run" time="2.294" classname="Scripts_Execution.Test_004_Truffles_Test"/>
  <testcase name="run" time="3.534" classname="Scripts_Execution.copy.Test_003_Code_Test"/>
</testsuite> <!-- Test -->
